0 silly argv {
0 silly argv   _: [ 'run' ],
0 silly argv   since: 'trylerna1',
0 silly argv   lernaVersion: '4.0.0',
0 silly argv   '$0': 'lerna',
0 silly argv   script: 'build'
0 silly argv }
1 notice cli v4.0.0
2 verbose rootPath /Users/vsavkin/projects/demos/remix-next-monorepo
3 notice filter changed since "trylerna1"
4 silly hasTags
5 verbose hasTags false
6 info Looking for changed packages since trylerna1
7 silly checking diff packages/components
8 error Error: Command failed with exit code 128: git diff --name-only trylerna1 -- packages/components
8 error fatal: bad revision 'trylerna1'
8 error     at makeError (/Users/vsavkin/projects/demos/remix-next-monorepo/node_modules/execa/lib/error.js:60:11)
8 error     at Function.module.exports.sync (/Users/vsavkin/projects/demos/remix-next-monorepo/node_modules/execa/index.js:194:17)
8 error     at Object.execSync (/Users/vsavkin/projects/demos/remix-next-monorepo/node_modules/@lerna/child-process/index.js:39:16)
8 error     at diffSinceIn (/Users/vsavkin/projects/demos/remix-next-monorepo/node_modules/@lerna/collect-updates/lib/make-diff-predicate.js:75:23)
8 error     at hasDiffSinceThatIsntIgnored (/Users/vsavkin/projects/demos/remix-next-monorepo/node_modules/@lerna/collect-updates/lib/make-diff-predicate.js:34:18)
8 error     at isCandidate (/Users/vsavkin/projects/demos/remix-next-monorepo/node_modules/@lerna/collect-updates/collect-updates.js:113:77)
8 error     at /Users/vsavkin/projects/demos/remix-next-monorepo/node_modules/@lerna/collect-updates/lib/collect-packages.js:24:9
8 error     at Map.forEach (<anonymous>)
8 error     at collectPackages (/Users/vsavkin/projects/demos/remix-next-monorepo/node_modules/@lerna/collect-updates/lib/collect-packages.js:23:12)
